21:51:28.973 [main                     ] DEBUG Logger               - Configured Logger
21:51:28.986 [main                     ] DEBUG GameApplication      - Logging settings
Title: Basic Game App
Version: 0.1
Width: 1280
Height: 720
Fullscreen: false
Intro: false
Profiling: false
Single step:false
App Mode: DEVELOPER
Menu Key: ESCAPE
Stage Style: DECORATED
Scene Factory: class com.almasb.fxgl.app.scene.SceneFactory

21:51:29.474 [JavaFX Application Thread] DEBUG FXGLApplication      - Initializing FXGL
21:51:29.477 [JavaFX Application Thread] INFO  Engine               - FXGL-11.14 (01.03.2021 16.59) on WINDOWS (J:15.0.2 FX:15)
21:51:29.477 [JavaFX Application Thread] DEBUG Engine               - JRE Vendor Name: Oracle Corporation
21:51:29.477 [JavaFX Application Thread] DEBUG Engine               - Running on OS: Windows 10 version 10.0
21:51:29.477 [JavaFX Application Thread] DEBUG Engine               - Architecture: amd64
21:51:29.477 [JavaFX Application Thread] INFO  Engine               - Source code and latest versions at: https://github.com/AlmasB/FXGL
21:51:29.478 [JavaFX Application Thread] INFO  Engine               -              Join the FXGL chat at: https://gitter.im/AlmasB/FXGL
21:51:29.595 [JavaFX Application Thread] DEBUG PrimaryStageWindow   - Creating a JavaFX scene
21:51:29.646 [JavaFX Application Thread] DEBUG PrimaryStageWindow   - Target settings size: 1280.0 x 720.0
21:51:29.646 [JavaFX Application Thread] DEBUG PrimaryStageWindow   - Scaled scene size:    1280.0 x 720.0
21:51:29.647 [JavaFX Application Thread] DEBUG PrimaryStageWindow   - Scaled ratio: (1.0, 1.0)
21:51:29.647 [JavaFX Application Thread] DEBUG PrimaryStageWindow   - Set initial scene to FXGLStartupScene
21:51:29.655 [JavaFX Application Thread] DEBUG PrimaryStageWindow   - Opening main window
21:51:29.756 [JavaFX Application Thread] DEBUG PrimaryStageWindow   - Window border size: (16.0, 39.0)
21:51:29.757 [JavaFX Application Thread] DEBUG PrimaryStageWindow   - Scaled size: 1280.0 x 720.0
21:51:29.757 [JavaFX Application Thread] DEBUG PrimaryStageWindow   - Scaled ratio: (1.0, 1.0)
21:51:29.757 [JavaFX Application Thread] DEBUG PrimaryStageWindow   - Scene size: 1280.0 x 720.0
21:51:29.757 [JavaFX Application Thread] DEBUG PrimaryStageWindow   - Stage size: 1296.0 x 759.0
21:51:29.771 [FXGL Background Thread 1 ] DEBUG Engine               - Initializing environment variables
21:51:29.813 [FXGL Background Thread 1 ] DEBUG FXGLAssetLoaderServi - User app class for loading assets: class testApp
21:51:29.813 [FXGL Background Thread 1 ] DEBUG GameApplicationServi - Applying CSS: fxgl_dark.css
21:51:29.814 [FXGL Background Thread 1 ] DEBUG FXGLAssetLoaderServi - Loading from file system: jar:file:/C:/Users/Dino/.m2/repository/com/github/almasb/fxgl/11.14/fxgl-11.14.jar!/fxglassets/ui/css/fxgl_dark.css
21:51:29.851 [FXGL Background Thread 1 ] DEBUG GameApplicationServi - Initializing application scenes
21:51:29.894 [FXGL Background Thread 1 ] DEBUG GameWorld            - Game world initialized
21:51:29.952 [FXGL Background Thread 1 ] DEBUG PhysicsWorld         - Physics world initialized: appHeight=720, physics.ppm=50,0
21:51:29.952 [FXGL Background Thread 1 ] DEBUG PhysicsWorld         - Using strategy: BRUTE_FORCE
21:51:29.954 [FXGL Background Thread 1 ] DEBUG GameScene            - Game scene initialized: 1280x720
21:51:29.982 [FXGL Background Thread 1 ] DEBUG FXGLAssetLoaderServi - Loading from file system: jar:file:/C:/Users/Dino/.m2/repository/com/github/almasb/fxgl/11.14/fxgl-11.14.jar!/fxglassets/textures/particles/trace_horizontal.png
21:51:30.027 [FXGL Background Thread 1 ] DEBUG FXGL.DefaultMenu     - createMenuBodyGameMenu()
21:51:30.040 [FXGL Background Thread 1 ] DEBUG FXGL.DefaultMenu     - createOptionsMenu()
21:51:30.046 [FXGL Background Thread 1 ] DEBUG FXGLAssetLoaderServi - Loading from file system: jar:file:/C:/Users/Dino/.m2/repository/com/github/almasb/fxgl/11.14/fxgl-11.14.jar!/fxglassets/textures/particles/smoke.png
21:51:30.087 [FXGL Background Thread 1 ] DEBUG GameApplicationServi - Application scenes initialized
21:51:30.097 [FXGL Background Thread 1 ] DEBUG SystemBundleService  - Loading FXGL system data
21:51:30.101 [FXGL Background Thread 1 ] DEBUG FileSystemAccess     - Reading from: C:\Users\Dino\OneDrive - Hogeschool Leiden\test\system\fxgl.bundle
21:51:30.106 [FXGL Background Thread 1 ] DEBUG SystemBundleService  - Bundle FXGL: {}
21:51:30.106 [FXGL Background Thread 1 ] DEBUG UpdaterService       - Checking for updates
21:51:30.111 [FXGL Background Thread 4 ] DEBUG FXGLApplication      - Loading fonts
21:51:30.112 [FXGL Background Thread 1 ] DEBUG FXGLApplication      - Loading default localization
21:51:30.112 [FXGL Background Thread 4 ] DEBUG FXGLAssetLoaderServi - Loading from file system: jar:file:/C:/Users/Dino/.m2/repository/com/github/almasb/fxgl/11.14/fxgl-11.14.jar!/fxglassets/ui/fonts/VarelaRound-Regular.ttf
21:51:30.112 [FXGL Background Thread 1 ] DEBUG FXGLAssetLoaderServi - Loading from file system: jar:file:/C:/Users/Dino/.m2/repository/com/github/almasb/fxgl/11.14/fxgl-11.14.jar!/fxglassets/languages/english.lang
21:51:30.134 [FXGL Background Thread 1 ] INFO  FXGLApplication      - FXGL initialization took: 0,362 sec
21:51:30.145 [JavaFX Application Thread] DEBUG Input                - Registered new binding: action0 - D
21:51:30.146 [JavaFX Application Thread] DEBUG Input                - Registered new binding: action1 - A
21:51:30.146 [JavaFX Application Thread] DEBUG Input                - Registered new binding: action2 - W
21:51:30.147 [JavaFX Application Thread] DEBUG Input                - Registered new binding: action3 - S
21:51:30.147 [JavaFX Application Thread] DEBUG FXGLAssetLoaderServi - Loading from file system: jar:file:/C:/Users/Dino/.m2/repository/com/github/almasb/fxgl/11.14/fxgl-11.14.jar!/fxglassets/textures/fxgl_icon.png
21:51:30.164 [JavaFX Application Thread] DEBUG FXGLAssetLoaderServi - Loading from file system: jar:file:/C:/Users/Dino/.m2/repository/com/github/almasb/fxgl/11.14/fxgl-11.14.jar!/fxglassets/ui/cursors/fxgl_default.png
21:51:30.166 [JavaFX Application Thread] DEBUG Input                - Registered new binding: Screenshot - P
21:51:30.167 [JavaFX Application Thread] DEBUG Input                - Registered new binding: System info dump - CTRL+9
21:51:30.167 [JavaFX Application Thread] DEBUG Input                - Registered new binding: Restart - CTRL+R
21:51:30.168 [JavaFX Application Thread] DEBUG Input                - Registered new binding: Toggle Debug Camera - CTRL+C
21:51:30.170 [JavaFX Application Thread] DEBUG LoopRunner           - Starting loop
21:51:30.170 [JavaFX Application Thread] DEBUG LoopRunner           - Initializing JavaFX AnimationTimerLoop
21:51:30.172 [JavaFX Application Thread] DEBUG GameApplicationServi - Starting new game
21:51:30.172 [JavaFX Application Thread] DEBUG Input                - Clearing active input actions
21:51:30.182 [JavaFX Application Thread] DEBUG GameApplicationServi - Removing overlay from FXGLStartupScene and adding to FXGLLoadingScene
21:51:30.183 [JavaFX Application Thread] DEBUG PrimaryStageWindow   - FXGLStartupScene -> FXGLLoadingScene
21:51:30.183 [JavaFX Application Thread] DEBUG GameApplicationServi - Clearing previous game
21:51:30.183 [JavaFX Application Thread] DEBUG GameScene            - Clearing game scene
21:51:30.184 [JavaFX Application Thread] DEBUG GameWorld            - Clearing game world
21:51:30.184 [JavaFX Application Thread] DEBUG PhysicsWorld         - Clearing physics world
21:51:30.187 [FXGL Background Thread 1 ] DEBUG FXGLApplication      - Initializing game
21:51:30.214 [FXGL Background Thread 1 ] WARN  TMXLevelLoader       - TiledMap generated from 1.8.4. Supported version: 1.2.3. Some features may not be parsed fully.
21:51:30.225 [FXGL Background Thread 1 ] DEBUG TMXLevelLoader       - Parsed raw map: TiledMap(width=30, height=20, tilewidth=92, tileheight=90, orientation=orthogonal, layers=[Layer(width=30, height=20, name=Tile Layer 1, type=tilelayer, visible=false, x=0, y=0, data=[0, 0, 0, 0, 0, 0, 0, 0, 0, 0, 0, 0, 0, 0, 0, 0, 0, 0, 0, 0, 0, 0, 0, 0, 0, 0, 0, 0, 0, 0, 0, 0, 0, 0, 0, 0, 0, 0, 0, 0, 0, 0, 0, 0, 0, 0, 0, 0, 0, 0, 0, 0, 0, 0, 0, 0, 0, 0, 0, 0, 0, 0, 0, 0, 0, 0, 0, 0, 0, 0, 0, 0, 0, 0, 0, 0, 0, 0, 0, 0, 0, 0, 0, 0, 0, 0, 0, 0, 0, 0, 0, 0, 0, 0, 0, 0, 0, 0, 0, 0, 0, 0, 0, 0, 0, 0, 0, 0, 0, 0, 0, 0, 0, 0, 0, 0, 0, 0, 0, 0, 0, 0, 0, 0, 0, 0, 0, 0, 0, 0, 0, 0, 0, 0, 0, 0, 0, 0, 0, 0, 0, 0, 0, 0, 0, 0, 0, 0, 0, 0, 0, 0, 0, 0, 0, 0, 0, 0, 0, 0, 0, 0, 0, 0, 0, 0, 0, 0, 0, 0, 0, 0, 0, 0, 0, 0, 0, 0, 0, 0, 0, 0, 2, 3, 4, 0, 0, 0, 0, 2, 3, 4, 0, 0, 0, 0, 0, 0, 0, 0, 0, 0, 0, 0, 0, 0, 0, 0, 0, 0, 0, 0, 20, 21, 22, 0, 0, 0, 0, 20, 21, 22, 0, 0, 0, 0, 0, 0, 0, 0, 0, 0, 0, 0, 0, 0, 0, 0, 0, 0, 0, 0, 0, 0, 0, 0, 0, 0, 0, 0, 0, 0, 0, 0, 0, 0, 0, 0, 0, 0, 0, 0, 0, 0, 0, 0, 0, 0, 0, 0, 0, 0, 2, 3, 4, 0, 0, 0, 0, 2, 3, 4, 0, 0, 0, 0, 0, 0, 0, 0, 0, 0, 0, 0, 0, 0, 0, 0, 0, 0, 0, 0, 20, 21, 22, 0, 0, 0, 0, 20, 21, 22, 0, 0, 0, 0, 0, 0, 0, 0, 0, 0, 0, 0, 0, 0, 0, 0, 0, 0, 0, 0, 0, 0, 0, 0, 0, 0, 0, 0, 0, 0, 0, 0, 0, 0, 0, 0, 0, 0, 0, 0, 0, 0, 0, 0, 0, 0, 0, 0, 0, 0, 2, 3, 4, 0, 0, 0, 0, 2, 3, 4, 0, 0, 0, 0, 0, 0, 0, 0, 0, 0, 0, 0, 0, 0, 0, 0, 0, 0, 0, 0, 20, 21, 22, 0, 0, 0, 0, 20, 21, 22, 0, 0, 0, 0, 0, 0, 0, 0, 0, 0, 0, 0, 0, 0, 0, 0, 0, 0, 0, 0, 0, 0, 0, 0, 0, 0, 0, 0, 0, 0, 0, 0, 0, 0, 0, 0, 0, 0, 0, 0, 0, 0, 0, 0, 0, 0, 0, 0, 0, 0, 2, 3, 4, 0, 0, 0, 0, 2, 3, 4, 0, 0, 0, 0, 0, 0, 0, 0, 0, 0, 0, 0, 0, 0, 0, 0, 0, 0, 0, 0, 20, 21, 22, 0, 0, 0, 0, 20, 21, 22, 0, 0, 0, 0, 0, 0, 0, 0, 0, 0, 0, 0, 0, 0, 0, 0, 0, 0, 0, 0, 0, 0, 0, 0, 0, 0, 0, 0, 0, 0, 0, 0, 0, 0, 0, 0, 0, 0, 0, 0, 0, 0, 0, 0, 0, 0, 0, 0, 0, 0, 0, 0, 0, 0, 0, 0, 0, 0, 0, 0, 0, 0, 0, 0, 0, 0, 0, 0, 0, 0, 0, 0, 0, 0, 0, 0, 0, 0, 0, 0, 0, 0, 0, 0, 0, 0, 0, 0, 0, 0, 0, 0, 0, 0, 0, 0, 0, 0, 0, 0, 0, 0, 0, 0, 0, 0, 0, 0], objects=[], opacity=0.0, draworder=), Layer(width=0, height=0, name=Object Layer 1, type=objectgroup, visible=false, x=0, y=0, data=[], objects=[com.almasb.fxgl.entity.level.tiled.TiledObject@71d7a42e, com.almasb.fxgl.entity.level.tiled.TiledObject@3c11bdd6, com.almasb.fxgl.entity.level.tiled.TiledObject@11a5d987, com.almasb.fxgl.entity.level.tiled.TiledObject@50569c0, com.almasb.fxgl.entity.level.tiled.TiledObject@49bf5b9a, com.almasb.fxgl.entity.level.tiled.TiledObject@78f1b076, com.almasb.fxgl.entity.level.tiled.TiledObject@47a7370e, com.almasb.fxgl.entity.level.tiled.TiledObject@69421d53], opacity=0.0, draworder=)], tilesets=[Tileset(firstgid=1, image=tiles-spritesheet.png, name=tiles-spritesheet, tilewidth=92, tileheight=90, imagewidth=1734, imageheight=956, margin=0, spacing=2, columns=18, tilecount=180, transparentcolor=, tiles=[])], backgroundcolor=, renderorder=right-down, nextobjectid=11, version=1, tiledversion=1.8.4, type=map, infinite=false, hexsidelength=0, staggeraxis=, staggerindex=, properties={}, propertytypes={})
21:51:30.226 [FXGL Background Thread 1 ] DEBUG TMXLevelLoader       - Creating tile layer entities
21:51:30.227 [FXGL Background Thread 1 ] DEBUG TilesetLoader        - Loading view for layer Tile Layer 1
21:51:30.238 [FXGL Background Thread 1 ] DEBUG TilesetLoader        - Created buffer with size 2760.0x1800.0
21:51:30.327 [FXGL Background Thread 1 ] DEBUG TilesetLoader        - Writing to buffer: dst=184,540, w=92,h=90, src=94,0
21:51:30.328 [FXGL Background Thread 1 ] DEBUG TilesetLoader        - Writing to buffer: dst=276,540, w=92,h=90, src=188,0
21:51:30.328 [FXGL Background Thread 1 ] DEBUG TilesetLoader        - Writing to buffer: dst=368,540, w=92,h=90, src=282,0
21:51:30.328 [FXGL Background Thread 1 ] DEBUG TilesetLoader        - Writing to buffer: dst=828,540, w=92,h=90, src=94,0
21:51:30.328 [FXGL Background Thread 1 ] DEBUG TilesetLoader        - Writing to buffer: dst=920,540, w=92,h=90, src=188,0
21:51:30.328 [FXGL Background Thread 1 ] DEBUG TilesetLoader        - Writing to buffer: dst=1012,540, w=92,h=90, src=282,0
21:51:30.329 [FXGL Background Thread 1 ] DEBUG TilesetLoader        - Writing to buffer: dst=184,630, w=92,h=90, src=94,92
21:51:30.329 [FXGL Background Thread 1 ] DEBUG TilesetLoader        - Writing to buffer: dst=276,630, w=92,h=90, src=188,92
21:51:30.329 [FXGL Background Thread 4 ] DEBUG FXGLAssetLoaderServi - Loading from file system: jar:file:/C:/Users/Dino/.m2/repository/com/github/almasb/fxgl/11.14/fxgl-11.14.jar!/fxglassets/ui/fonts/Abel-Regular.ttf
21:51:30.329 [FXGL Background Thread 1 ] DEBUG TilesetLoader        - Writing to buffer: dst=368,630, w=92,h=90, src=282,92
21:51:30.329 [FXGL Background Thread 1 ] DEBUG TilesetLoader        - Writing to buffer: dst=828,630, w=92,h=90, src=94,92
21:51:30.329 [FXGL Background Thread 1 ] DEBUG TilesetLoader        - Writing to buffer: dst=920,630, w=92,h=90, src=188,92
21:51:30.330 [FXGL Background Thread 1 ] DEBUG TilesetLoader        - Writing to buffer: dst=1012,630, w=92,h=90, src=282,92
21:51:30.331 [FXGL Background Thread 1 ] DEBUG TilesetLoader        - Writing to buffer: dst=184,810, w=92,h=90, src=94,0
21:51:30.331 [FXGL Background Thread 1 ] DEBUG TilesetLoader        - Writing to buffer: dst=276,810, w=92,h=90, src=188,0
21:51:30.332 [FXGL Background Thread 1 ] DEBUG TilesetLoader        - Writing to buffer: dst=368,810, w=92,h=90, src=282,0
21:51:30.332 [FXGL Background Thread 1 ] DEBUG TilesetLoader        - Writing to buffer: dst=828,810, w=92,h=90, src=94,0
21:51:30.332 [FXGL Background Thread 1 ] DEBUG TilesetLoader        - Writing to buffer: dst=920,810, w=92,h=90, src=188,0
21:51:30.332 [FXGL Background Thread 1 ] DEBUG TilesetLoader        - Writing to buffer: dst=1012,810, w=92,h=90, src=282,0
21:51:30.332 [FXGL Background Thread 1 ] DEBUG TilesetLoader        - Writing to buffer: dst=184,900, w=92,h=90, src=94,92
21:51:30.332 [FXGL Background Thread 1 ] DEBUG TilesetLoader        - Writing to buffer: dst=276,900, w=92,h=90, src=188,92
21:51:30.332 [FXGL Background Thread 1 ] DEBUG TilesetLoader        - Writing to buffer: dst=368,900, w=92,h=90, src=282,92
21:51:30.333 [FXGL Background Thread 1 ] DEBUG TilesetLoader        - Writing to buffer: dst=828,900, w=92,h=90, src=94,92
21:51:30.333 [FXGL Background Thread 1 ] DEBUG TilesetLoader        - Writing to buffer: dst=920,900, w=92,h=90, src=188,92
21:51:30.333 [FXGL Background Thread 1 ] DEBUG TilesetLoader        - Writing to buffer: dst=1012,900, w=92,h=90, src=282,92
21:51:30.333 [FXGL Background Thread 4 ] DEBUG FXGLAssetLoaderServi - Loading from file system: jar:file:/C:/Users/Dino/.m2/repository/com/github/almasb/fxgl/11.14/fxgl-11.14.jar!/fxglassets/ui/fonts/lucida_console.ttf
21:51:30.333 [FXGL Background Thread 1 ] DEBUG TilesetLoader        - Writing to buffer: dst=184,1080, w=92,h=90, src=94,0
21:51:30.333 [FXGL Background Thread 1 ] DEBUG TilesetLoader        - Writing to buffer: dst=276,1080, w=92,h=90, src=188,0
21:51:30.334 [FXGL Background Thread 1 ] DEBUG TilesetLoader        - Writing to buffer: dst=368,1080, w=92,h=90, src=282,0
21:51:30.335 [FXGL Background Thread 1 ] DEBUG TilesetLoader        - Writing to buffer: dst=828,1080, w=92,h=90, src=94,0
21:51:30.335 [FXGL Background Thread 1 ] DEBUG TilesetLoader        - Writing to buffer: dst=920,1080, w=92,h=90, src=188,0
21:51:30.335 [FXGL Background Thread 1 ] DEBUG TilesetLoader        - Writing to buffer: dst=1012,1080, w=92,h=90, src=282,0
21:51:30.335 [FXGL Background Thread 1 ] DEBUG TilesetLoader        - Writing to buffer: dst=184,1170, w=92,h=90, src=94,92
21:51:30.335 [FXGL Background Thread 1 ] DEBUG TilesetLoader        - Writing to buffer: dst=276,1170, w=92,h=90, src=188,92
21:51:30.335 [FXGL Background Thread 1 ] DEBUG TilesetLoader        - Writing to buffer: dst=368,1170, w=92,h=90, src=282,92
21:51:30.336 [FXGL Background Thread 1 ] DEBUG TilesetLoader        - Writing to buffer: dst=828,1170, w=92,h=90, src=94,92
21:51:30.336 [FXGL Background Thread 1 ] DEBUG TilesetLoader        - Writing to buffer: dst=920,1170, w=92,h=90, src=188,92
21:51:30.336 [FXGL Background Thread 1 ] DEBUG TilesetLoader        - Writing to buffer: dst=1012,1170, w=92,h=90, src=282,92
21:51:30.336 [FXGL Background Thread 1 ] DEBUG TilesetLoader        - Writing to buffer: dst=184,1350, w=92,h=90, src=94,0
21:51:30.336 [FXGL Background Thread 1 ] DEBUG TilesetLoader        - Writing to buffer: dst=276,1350, w=92,h=90, src=188,0
21:51:30.336 [FXGL Background Thread 1 ] DEBUG TilesetLoader        - Writing to buffer: dst=368,1350, w=92,h=90, src=282,0
21:51:30.336 [FXGL Background Thread 1 ] DEBUG TilesetLoader        - Writing to buffer: dst=828,1350, w=92,h=90, src=94,0
21:51:30.337 [FXGL Background Thread 1 ] DEBUG TilesetLoader        - Writing to buffer: dst=920,1350, w=92,h=90, src=188,0
21:51:30.338 [FXGL Background Thread 1 ] DEBUG TilesetLoader        - Writing to buffer: dst=1012,1350, w=92,h=90, src=282,0
21:51:30.338 [FXGL Background Thread 1 ] DEBUG TilesetLoader        - Writing to buffer: dst=184,1440, w=92,h=90, src=94,92
21:51:30.338 [FXGL Background Thread 1 ] DEBUG TilesetLoader        - Writing to buffer: dst=276,1440, w=92,h=90, src=188,92
21:51:30.339 [FXGL Background Thread 4 ] DEBUG FXGLAssetLoaderServi - Loading from file system: jar:file:/C:/Users/Dino/.m2/repository/com/github/almasb/fxgl/11.14/fxgl-11.14.jar!/fxglassets/ui/fonts/Courier-Prime.ttf
21:51:30.338 [FXGL Background Thread 1 ] DEBUG TilesetLoader        - Writing to buffer: dst=368,1440, w=92,h=90, src=282,92
21:51:30.339 [FXGL Background Thread 1 ] DEBUG TilesetLoader        - Writing to buffer: dst=828,1440, w=92,h=90, src=94,92
21:51:30.339 [FXGL Background Thread 1 ] DEBUG TilesetLoader        - Writing to buffer: dst=920,1440, w=92,h=90, src=188,92
21:51:30.339 [FXGL Background Thread 1 ] DEBUG TilesetLoader        - Writing to buffer: dst=1012,1440, w=92,h=90, src=282,92
21:51:30.339 [FXGL Background Thread 1 ] DEBUG TMXLevelLoader       - Creating object layer entities
21:51:30.350 [JavaFX Application Thread] DEBUG FXGLApplication      - Registering font factories with UI factory
21:51:30.354 [FXGL Background Thread 1 ] DEBUG GameWorld            - Clearing removable entities
21:51:30.354 [FXGL Background Thread 1 ] DEBUG GameWorld            - Setting level: com.almasb.fxgl.entity.level.Level@295c03a7
21:51:30.362 [FXGL Background Thread 1 ] DEBUG FXGLAssetLoaderServi - Loading from file system: file:/C:/Users/Dino/OneDrive%20-%20Hogeschool%20Leiden/test/target/classes/assets/textures/grassfield.png
21:51:30.386 [FXGL Background Thread 1 ] DEBUG FXGLAssetLoaderServi - Loading from file system: file:/C:/Users/Dino/OneDrive%20-%20Hogeschool%20Leiden/test/target/classes/assets/textures/monster.png
21:51:30.389 [FXGL Background Thread 1 ] INFO  FXGLApplication      - Game initialization took: 0,203 sec
21:51:30.393 [JavaFX Application Thread] DEBUG Input                - Clearing active input actions
21:51:30.399 [JavaFX Application Thread] DEBUG GameApplicationServi - Removing overlay from FXGLLoadingScene and adding to GameScene
21:51:30.400 [JavaFX Application Thread] DEBUG PrimaryStageWindow   - FXGLLoadingScene -> GameScene
21:51:30.492 [FXGL Background Thread 2 ] INFO  UpdaterService       - Your current version:  11.14
21:51:30.493 [FXGL Background Thread 2 ] INFO  UpdaterService       - Latest stable version: 17.1
21:51:33.111 [FXGL Background Thread 3 ] DEBUG Engine               - Logging environment variables
21:51:33.111 [FXGL Background Thread 3 ] DEBUG Engine               - achievements: []
21:51:33.111 [FXGL Background Thread 3 ] DEBUG Engine               - actualHeight: 720.0
21:51:33.111 [FXGL Background Thread 3 ] DEBUG Engine               - actualHeightProperty: ReadOnlyDoubleProperty [value: 720.0]
21:51:33.111 [FXGL Background Thread 3 ] DEBUG Engine               - actualWidth: 1280.0
21:51:33.111 [FXGL Background Thread 3 ] DEBUG Engine               - actualWidthProperty: ReadOnlyDoubleProperty [value: 1280.0]
21:51:33.112 [FXGL Background Thread 3 ] DEBUG Engine               - appIcon: fxgl_icon.png
21:51:33.112 [FXGL Background Thread 3 ] DEBUG Engine               - applicationMode: DEVELOPER
21:51:33.112 [FXGL Background Thread 3 ] DEBUG Engine               - cSSList: [fxgl_dark.css]
21:51:33.112 [FXGL Background Thread 3 ] DEBUG Engine               - collisionDetectionStrategy: BRUTE_FORCE
21:51:33.112 [FXGL Background Thread 3 ] DEBUG Engine               - configClass: Optional.empty
21:51:33.112 [FXGL Background Thread 3 ] DEBUG Engine               - credits: []
21:51:33.112 [FXGL Background Thread 3 ] DEBUG Engine               - devBBoxColorProperty: ObjectProperty [value: 0xff0000ff]
21:51:33.112 [FXGL Background Thread 3 ] DEBUG Engine               - devEnableDebugCameraProperty: BooleanProperty [value: false]
21:51:33.113 [FXGL Background Thread 3 ] DEBUG Engine               - devSensorColorProperty: ObjectProperty [value: 0xffff00ff]
21:51:33.113 [FXGL Background Thread 3 ] DEBUG Engine               - devShowBBoxProperty: BooleanProperty [value: false]
21:51:33.113 [FXGL Background Thread 3 ] DEBUG Engine               - devShowPositionProperty: BooleanProperty [value: false]
21:51:33.113 [FXGL Background Thread 3 ] DEBUG Engine               - enabledMenuItems: []
21:51:33.113 [FXGL Background Thread 3 ] DEBUG Engine               - engineServices: [class com.almasb.fxgl.app.services.FXGLAssetLoaderService, class com.almasb.fxgl.app.FXGLApplication$GameApplicationService, class com.almasb.fxgl.app.services.FXGLDialogService, class com.almasb.fxgl.app.services.IOTaskExecutorService, class com.almasb.fxgl.event.EventBusService, class com.almasb.fxgl.io.FileSystemService, class com.almasb.fxgl.localization.LocalizationService, class com.almasb.fxgl.app.services.SystemBundleService, class com.almasb.fxgl.profile.SaveLoadService, class com.almasb.fxgl.ui.FXGLUIFactoryServiceProvider, class com.almasb.fxgl.ui.FXGLDialogFactoryServiceProvider, class com.almasb.fxgl.audio.AudioPlayer, class com.almasb.fxgl.notification.impl.NotificationServiceProvider, class com.almasb.fxgl.achievement.AchievementService, class com.almasb.fxgl.cutscene.CutsceneService, class com.almasb.fxgl.minigames.MiniGameService, class com.almasb.fxgl.net.NetService, class com.almasb.fxgl.app.services.UpdaterService, class com.almasb.fxgl.dev.DevService]
21:51:33.113 [FXGL Background Thread 3 ] DEBUG Engine               - fontGame: Abel-Regular.ttf
21:51:33.113 [FXGL Background Thread 3 ] DEBUG Engine               - fontMono: lucida_console.ttf
21:51:33.113 [FXGL Background Thread 3 ] DEBUG Engine               - fontText: Courier-Prime.ttf
21:51:33.113 [FXGL Background Thread 3 ] DEBUG Engine               - fontUI: VarelaRound-Regular.ttf
21:51:33.113 [FXGL Background Thread 3 ] DEBUG Engine               - fullScreen: BooleanProperty [value: false]
21:51:33.114 [FXGL Background Thread 3 ] DEBUG Engine               - gameDifficulty: MEDIUM
21:51:33.114 [FXGL Background Thread 3 ] DEBUG Engine               - gameDifficultyProperty: ObjectProperty [value: MEDIUM]
21:51:33.114 [FXGL Background Thread 3 ] DEBUG Engine               - globalMusicVolume: 0.5
21:51:33.114 [FXGL Background Thread 3 ] DEBUG Engine               - globalMusicVolumeProperty: DoubleProperty [value: 0.5]
21:51:33.114 [FXGL Background Thread 3 ] DEBUG Engine               - globalSoundVolume: 0.5
21:51:33.114 [FXGL Background Thread 3 ] DEBUG Engine               - globalSoundVolumeProperty: DoubleProperty [value: 0.5]
21:51:33.115 [FXGL Background Thread 3 ] DEBUG Engine               - height: 720
21:51:33.115 [FXGL Background Thread 3 ] DEBUG Engine               - isAndroid: false
21:51:33.115 [FXGL Background Thread 3 ] DEBUG Engine               - isBrowser: false
21:51:33.115 [FXGL Background Thread 3 ] DEBUG Engine               - isClickFeedbackEnabled: false
21:51:33.115 [FXGL Background Thread 3 ] DEBUG Engine               - isCloseConfirmation: false
21:51:33.115 [FXGL Background Thread 3 ] DEBUG Engine               - isDesktop: true
21:51:33.115 [FXGL Background Thread 3 ] DEBUG Engine               - isDeveloperMenuEnabled: false
21:51:33.115 [FXGL Background Thread 3 ] DEBUG Engine               - isEntityPreloadEnabled: true
21:51:33.115 [FXGL Background Thread 3 ] DEBUG Engine               - isExperimental3D: false
21:51:33.115 [FXGL Background Thread 3 ] DEBUG Engine               - isExperimentalNative: false
21:51:33.115 [FXGL Background Thread 3 ] DEBUG Engine               - isExperimentalTiledLargeMap: false
21:51:33.116 [FXGL Background Thread 3 ] DEBUG Engine               - isFileSystemWriteAllowed: true
21:51:33.116 [FXGL Background Thread 3 ] DEBUG Engine               - isFullScreenAllowed: false
21:51:33.116 [FXGL Background Thread 3 ] DEBUG Engine               - isFullScreenFromStart: false
21:51:33.116 [FXGL Background Thread 3 ] DEBUG Engine               - isGameMenuEnabled: true
21:51:33.116 [FXGL Background Thread 3 ] DEBUG Engine               - isIOS: false
21:51:33.116 [FXGL Background Thread 3 ] DEBUG Engine               - isIntroEnabled: false
21:51:33.116 [FXGL Background Thread 3 ] DEBUG Engine               - isLinux: false
21:51:33.116 [FXGL Background Thread 3 ] DEBUG Engine               - isMac: false
21:51:33.116 [FXGL Background Thread 3 ] DEBUG Engine               - isMainMenuEnabled: false
21:51:33.117 [FXGL Background Thread 3 ] DEBUG Engine               - isManualResizeEnabled: false
21:51:33.117 [FXGL Background Thread 3 ] DEBUG Engine               - isMobile: false
21:51:33.117 [FXGL Background Thread 3 ] DEBUG Engine               - isPreserveResizeRatio: false
21:51:33.117 [FXGL Background Thread 3 ] DEBUG Engine               - isProfilingEnabled: false
21:51:33.117 [FXGL Background Thread 3 ] DEBUG Engine               - isScaleAffectedOnResize: true
21:51:33.117 [FXGL Background Thread 3 ] DEBUG Engine               - isSingleStep: false
21:51:33.117 [FXGL Background Thread 3 ] DEBUG Engine               - isUserProfileEnabled: false
21:51:33.117 [FXGL Background Thread 3 ] DEBUG Engine               - isWindows: true
21:51:33.117 [FXGL Background Thread 3 ] DEBUG Engine               - language: ObjectProperty [value: ENGLISH]
21:51:33.117 [FXGL Background Thread 3 ] DEBUG Engine               - menuKey: ESCAPE
21:51:33.117 [FXGL Background Thread 3 ] DEBUG Engine               - notificationViewClass: class com.almasb.fxgl.notification.view.XboxNotificationView
21:51:33.118 [FXGL Background Thread 3 ] DEBUG Engine               - pixelsPerMeter: 50.0
21:51:33.118 [FXGL Background Thread 3 ] DEBUG Engine               - platform: WINDOWS
21:51:33.118 [FXGL Background Thread 3 ] DEBUG Engine               - prefHeightProperty: ReadOnlyDoubleProperty [value: 720.0]
21:51:33.118 [FXGL Background Thread 3 ] DEBUG Engine               - prefWidthProperty: ReadOnlyDoubleProperty [value: 1280.0]
21:51:33.118 [FXGL Background Thread 3 ] DEBUG Engine               - profileDir: profiles/
21:51:33.118 [FXGL Background Thread 3 ] DEBUG Engine               - profileName: StringProperty [value: DEFAULT]
21:51:33.118 [FXGL Background Thread 3 ] DEBUG Engine               - randomSeed: -1
21:51:33.118 [FXGL Background Thread 3 ] DEBUG Engine               - runtimeInfo: RuntimeInfo(platform=WINDOWS, version=11.14, build=01.03.2021 16.59)
21:51:33.118 [FXGL Background Thread 3 ] DEBUG Engine               - saveFileExt: sav
21:51:33.118 [FXGL Background Thread 3 ] DEBUG Engine               - scaledHeightProp$fxgl: DoubleProperty [bound, value: 720.0]
21:51:33.119 [FXGL Background Thread 3 ] DEBUG Engine               - scaledWidthProp$fxgl: DoubleProperty [bound, value: 1280.0]
21:51:33.119 [FXGL Background Thread 3 ] DEBUG Engine               - sceneFactory: com.almasb.fxgl.app.scene.SceneFactory@7dd38d81
21:51:33.119 [FXGL Background Thread 3 ] DEBUG Engine               - secondsIn24h: 60
21:51:33.119 [FXGL Background Thread 3 ] DEBUG Engine               - soundMenuBack: menu/back.wav
21:51:33.119 [FXGL Background Thread 3 ] DEBUG Engine               - soundMenuPress: menu/press.wav
21:51:33.119 [FXGL Background Thread 3 ] DEBUG Engine               - soundMenuSelect: menu/select.wav
21:51:33.119 [FXGL Background Thread 3 ] DEBUG Engine               - soundNotification: core/notification.wav
21:51:33.119 [FXGL Background Thread 3 ] DEBUG Engine               - stageStyle: DECORATED
21:51:33.119 [FXGL Background Thread 3 ] DEBUG Engine               - supportedLanguages: [ENGLISH, FRENCH, GERMAN, HUNGARIAN, RUSSIAN]
21:51:33.119 [FXGL Background Thread 3 ] DEBUG Engine               - ticksPerSecond: -1
21:51:33.120 [FXGL Background Thread 3 ] DEBUG Engine               - title: Basic Game App
21:51:33.120 [FXGL Background Thread 3 ] DEBUG Engine               - urlGithub: https://github.com/AlmasB/FXGL
21:51:33.120 [FXGL Background Thread 3 ] DEBUG Engine               - urlLeaderboard: http://fxgl-top.herokuapp.com/
21:51:33.120 [FXGL Background Thread 3 ] DEBUG Engine               - urlPOM: https://raw.githubusercontent.com/AlmasB/FXGL/release/README.md
21:51:33.120 [FXGL Background Thread 3 ] DEBUG Engine               - userAppClass: class testApp
21:51:33.120 [FXGL Background Thread 3 ] DEBUG Engine               - version: 0.1
21:51:33.120 [FXGL Background Thread 3 ] DEBUG Engine               - versionCheckDays: 7
21:51:33.120 [FXGL Background Thread 3 ] DEBUG Engine               - width: 1280
21:51:33.120 [FXGL Background Thread 3 ] DEBUG Engine               - Logging services
21:51:33.120 [FXGL Background Thread 3 ] DEBUG Engine               - class com.almasb.fxgl.app.services.FXGLAssetLoaderService
21:51:33.120 [FXGL Background Thread 3 ] DEBUG Engine               - class com.almasb.fxgl.app.FXGLApplication$GameApplicationService
21:51:33.121 [FXGL Background Thread 3 ] DEBUG Engine               - class com.almasb.fxgl.app.services.FXGLDialogService
21:51:33.121 [FXGL Background Thread 3 ] DEBUG Engine               - class com.almasb.fxgl.app.services.IOTaskExecutorService
21:51:33.121 [FXGL Background Thread 3 ] DEBUG Engine               - class com.almasb.fxgl.event.EventBusService
21:51:33.121 [FXGL Background Thread 3 ] DEBUG Engine               - class com.almasb.fxgl.io.FileSystemService
21:51:33.121 [FXGL Background Thread 3 ] DEBUG Engine               - class com.almasb.fxgl.localization.LocalizationService
21:51:33.121 [FXGL Background Thread 3 ] DEBUG Engine               - class com.almasb.fxgl.app.services.SystemBundleService
21:51:33.121 [FXGL Background Thread 3 ] DEBUG Engine               - class com.almasb.fxgl.profile.SaveLoadService
21:51:33.121 [FXGL Background Thread 3 ] DEBUG Engine               - class com.almasb.fxgl.ui.FXGLUIFactoryServiceProvider
21:51:33.121 [FXGL Background Thread 3 ] DEBUG Engine               - class com.almasb.fxgl.ui.FXGLDialogFactoryServiceProvider
21:51:33.121 [FXGL Background Thread 3 ] DEBUG Engine               - class com.almasb.fxgl.audio.AudioPlayer
21:51:33.121 [FXGL Background Thread 3 ] DEBUG Engine               - class com.almasb.fxgl.notification.impl.NotificationServiceProvider
21:51:33.121 [FXGL Background Thread 3 ] DEBUG Engine               - class com.almasb.fxgl.achievement.AchievementService
21:51:33.122 [FXGL Background Thread 3 ] DEBUG Engine               - class com.almasb.fxgl.cutscene.CutsceneService
21:51:33.122 [FXGL Background Thread 3 ] DEBUG Engine               - class com.almasb.fxgl.minigames.MiniGameService
21:51:33.122 [FXGL Background Thread 3 ] DEBUG Engine               - class com.almasb.fxgl.net.NetService
21:51:33.122 [FXGL Background Thread 3 ] DEBUG Engine               - class com.almasb.fxgl.app.services.UpdaterService
21:51:33.122 [FXGL Background Thread 3 ] DEBUG Engine               - class com.almasb.fxgl.dev.DevService
21:51:34.220 [JavaFX Application Thread] DEBUG FXGLApplication      - Exiting FXGL
21:51:34.220 [JavaFX Application Thread] DEBUG LoopRunner           - Stopping loop
21:51:34.220 [JavaFX Application Thread] DEBUG SystemBundleService  - Saving FXGL system data
21:51:34.222 [JavaFX Application Thread] DEBUG FileSystemAccess     - Writing to: C:\Users\Dino\OneDrive - Hogeschool Leiden\test\system\fxgl.bundle
21:51:34.223 [JavaFX Application Thread] DEBUG Async                - Shutting down background threads
21:51:34.223 [JavaFX Application Thread] DEBUG PrimaryStageWindow   - Closing main window
21:51:34.233 [JavaFX Application Thread] DEBUG Logger               - Closing Logger
