21:55:20.835 [main                     ] DEBUG Logger               - Configured Logger
21:55:20.855 [main                     ] DEBUG GameApplication      - Logging settings
Title: Basic Game App
Version: 0.1
Width: 1280
Height: 720
Fullscreen: false
Intro: false
Profiling: false
Single step:false
App Mode: DEVELOPER
Menu Key: ESCAPE
Stage Style: DECORATED
Scene Factory: class com.almasb.fxgl.app.scene.SceneFactory

21:55:21.338 [JavaFX Application Thread] DEBUG FXGLApplication      - Initializing FXGL
21:55:21.340 [JavaFX Application Thread] INFO  Engine               - FXGL-11.14 (01.03.2021 16.59) on WINDOWS (J:15.0.2 FX:15)
21:55:21.340 [JavaFX Application Thread] DEBUG Engine               - JRE Vendor Name: Oracle Corporation
21:55:21.341 [JavaFX Application Thread] DEBUG Engine               - Running on OS: Windows 10 version 10.0
21:55:21.341 [JavaFX Application Thread] DEBUG Engine               - Architecture: amd64
21:55:21.341 [JavaFX Application Thread] INFO  Engine               - Source code and latest versions at: https://github.com/AlmasB/FXGL
21:55:21.341 [JavaFX Application Thread] INFO  Engine               -              Join the FXGL chat at: https://gitter.im/AlmasB/FXGL
21:55:21.454 [JavaFX Application Thread] DEBUG PrimaryStageWindow   - Creating a JavaFX scene
21:55:21.512 [JavaFX Application Thread] DEBUG PrimaryStageWindow   - Target settings size: 1280.0 x 720.0
21:55:21.512 [JavaFX Application Thread] DEBUG PrimaryStageWindow   - Scaled scene size:    1280.0 x 720.0
21:55:21.512 [JavaFX Application Thread] DEBUG PrimaryStageWindow   - Scaled ratio: (1.0, 1.0)
21:55:21.514 [JavaFX Application Thread] DEBUG PrimaryStageWindow   - Set initial scene to FXGLStartupScene
21:55:21.520 [JavaFX Application Thread] DEBUG PrimaryStageWindow   - Opening main window
21:55:21.613 [JavaFX Application Thread] DEBUG PrimaryStageWindow   - Window border size: (16.0, 39.0)
21:55:21.613 [JavaFX Application Thread] DEBUG PrimaryStageWindow   - Scaled size: 1280.0 x 720.0
21:55:21.613 [JavaFX Application Thread] DEBUG PrimaryStageWindow   - Scaled ratio: (1.0, 1.0)
21:55:21.614 [JavaFX Application Thread] DEBUG PrimaryStageWindow   - Scene size: 1280.0 x 720.0
21:55:21.614 [JavaFX Application Thread] DEBUG PrimaryStageWindow   - Stage size: 1296.0 x 759.0
21:55:21.621 [FXGL Background Thread 1 ] DEBUG Engine               - Initializing environment variables
21:55:21.654 [FXGL Background Thread 1 ] DEBUG FXGLAssetLoaderServi - User app class for loading assets: class testApp
21:55:21.654 [FXGL Background Thread 1 ] DEBUG GameApplicationServi - Applying CSS: fxgl_dark.css
21:55:21.655 [FXGL Background Thread 1 ] DEBUG FXGLAssetLoaderServi - Loading from file system: jar:file:/C:/Users/Dino/.m2/repository/com/github/almasb/fxgl/11.14/fxgl-11.14.jar!/fxglassets/ui/css/fxgl_dark.css
21:55:21.696 [FXGL Background Thread 1 ] DEBUG GameApplicationServi - Initializing application scenes
21:55:21.739 [FXGL Background Thread 1 ] DEBUG GameWorld            - Game world initialized
21:55:21.785 [FXGL Background Thread 1 ] DEBUG PhysicsWorld         - Physics world initialized: appHeight=720, physics.ppm=50,0
21:55:21.786 [FXGL Background Thread 1 ] DEBUG PhysicsWorld         - Using strategy: BRUTE_FORCE
21:55:21.787 [FXGL Background Thread 1 ] DEBUG GameScene            - Game scene initialized: 1280x720
21:55:21.816 [FXGL Background Thread 1 ] DEBUG FXGLAssetLoaderServi - Loading from file system: jar:file:/C:/Users/Dino/.m2/repository/com/github/almasb/fxgl/11.14/fxgl-11.14.jar!/fxglassets/textures/particles/trace_horizontal.png
21:55:21.856 [FXGL Background Thread 1 ] DEBUG FXGL.DefaultMenu     - createMenuBodyGameMenu()
21:55:21.869 [FXGL Background Thread 1 ] DEBUG FXGL.DefaultMenu     - createOptionsMenu()
21:55:21.873 [FXGL Background Thread 1 ] DEBUG FXGLAssetLoaderServi - Loading from file system: jar:file:/C:/Users/Dino/.m2/repository/com/github/almasb/fxgl/11.14/fxgl-11.14.jar!/fxglassets/textures/particles/smoke.png
21:55:21.915 [FXGL Background Thread 1 ] DEBUG GameApplicationServi - Application scenes initialized
21:55:21.925 [FXGL Background Thread 1 ] DEBUG SystemBundleService  - Loading FXGL system data
21:55:21.928 [FXGL Background Thread 1 ] DEBUG FileSystemAccess     - Reading from: C:\Users\Dino\OneDrive - Hogeschool Leiden\test\system\fxgl.bundle
21:55:21.933 [FXGL Background Thread 1 ] DEBUG SystemBundleService  - Bundle FXGL: {}
21:55:21.933 [FXGL Background Thread 1 ] DEBUG UpdaterService       - Checking for updates
21:55:21.937 [FXGL Background Thread 1 ] DEBUG FXGLApplication      - Loading default localization
21:55:21.938 [FXGL Background Thread 1 ] DEBUG FXGLAssetLoaderServi - Loading from file system: jar:file:/C:/Users/Dino/.m2/repository/com/github/almasb/fxgl/11.14/fxgl-11.14.jar!/fxglassets/languages/english.lang
21:55:21.941 [FXGL Background Thread 4 ] DEBUG FXGLApplication      - Loading fonts
21:55:21.941 [FXGL Background Thread 4 ] DEBUG FXGLAssetLoaderServi - Loading from file system: jar:file:/C:/Users/Dino/.m2/repository/com/github/almasb/fxgl/11.14/fxgl-11.14.jar!/fxglassets/ui/fonts/VarelaRound-Regular.ttf
21:55:21.951 [FXGL Background Thread 1 ] INFO  FXGLApplication      - FXGL initialization took: 0,330 sec
21:55:21.963 [JavaFX Application Thread] DEBUG Input                - Registered new binding: action0 - D
21:55:21.963 [JavaFX Application Thread] DEBUG Input                - Registered new binding: action1 - A
21:55:21.963 [JavaFX Application Thread] DEBUG Input                - Registered new binding: action2 - W
21:55:21.964 [JavaFX Application Thread] DEBUG Input                - Registered new binding: action3 - S
21:55:21.966 [JavaFX Application Thread] DEBUG FXGLAssetLoaderServi - Loading from file system: jar:file:/C:/Users/Dino/.m2/repository/com/github/almasb/fxgl/11.14/fxgl-11.14.jar!/fxglassets/textures/fxgl_icon.png
21:55:21.980 [JavaFX Application Thread] DEBUG FXGLAssetLoaderServi - Loading from file system: jar:file:/C:/Users/Dino/.m2/repository/com/github/almasb/fxgl/11.14/fxgl-11.14.jar!/fxglassets/ui/cursors/fxgl_default.png
21:55:21.982 [JavaFX Application Thread] DEBUG Input                - Registered new binding: Screenshot - P
21:55:21.982 [JavaFX Application Thread] DEBUG Input                - Registered new binding: System info dump - CTRL+9
21:55:21.983 [JavaFX Application Thread] DEBUG Input                - Registered new binding: Restart - CTRL+R
21:55:21.983 [JavaFX Application Thread] DEBUG Input                - Registered new binding: Toggle Debug Camera - CTRL+C
21:55:21.985 [JavaFX Application Thread] DEBUG LoopRunner           - Starting loop
21:55:21.985 [JavaFX Application Thread] DEBUG LoopRunner           - Initializing JavaFX AnimationTimerLoop
21:55:21.987 [JavaFX Application Thread] DEBUG GameApplicationServi - Starting new game
21:55:21.987 [JavaFX Application Thread] DEBUG Input                - Clearing active input actions
21:55:21.996 [JavaFX Application Thread] DEBUG GameApplicationServi - Removing overlay from FXGLStartupScene and adding to FXGLLoadingScene
21:55:21.996 [JavaFX Application Thread] DEBUG PrimaryStageWindow   - FXGLStartupScene -> FXGLLoadingScene
21:55:21.996 [JavaFX Application Thread] DEBUG GameApplicationServi - Clearing previous game
21:55:21.997 [JavaFX Application Thread] DEBUG GameScene            - Clearing game scene
21:55:21.997 [JavaFX Application Thread] DEBUG GameWorld            - Clearing game world
21:55:21.997 [JavaFX Application Thread] DEBUG PhysicsWorld         - Clearing physics world
21:55:21.999 [FXGL Background Thread 1 ] DEBUG FXGLApplication      - Initializing game
21:55:22.033 [FXGL Background Thread 1 ] WARN  TMXLevelLoader       - TiledMap generated from 1.8.4. Supported version: 1.2.3. Some features may not be parsed fully.
21:55:22.043 [FXGL Background Thread 1 ] DEBUG TMXLevelLoader       - Parsed raw map: TiledMap(width=30, height=20, tilewidth=92, tileheight=90, orientation=orthogonal, layers=[Layer(width=30, height=20, name=Tile Layer 1, type=tilelayer, visible=false, x=0, y=0, data=[0, 0, 0, 0, 0, 0, 0, 0, 0, 0, 0, 0, 0, 0, 0, 0, 0, 0, 0, 0, 0, 0, 0, 0, 0, 0, 0, 0, 0, 0, 0, 0, 0, 0, 0, 0, 0, 0, 0, 0, 0, 0, 0, 0, 0, 0, 0, 0, 0, 0, 0, 0, 0, 0, 0, 0, 0, 0, 0, 0, 0, 0, 0, 0, 0, 0, 0, 0, 0, 0, 0, 0, 0, 0, 0, 0, 0, 0, 0, 0, 0, 0, 0, 0, 0, 0, 0, 0, 0, 0, 0, 0, 0, 0, 0, 0, 0, 0, 0, 0, 0, 0, 0, 0, 0, 0, 0, 0, 0, 0, 0, 0, 0, 0, 0, 0, 0, 0, 0, 0, 0, 0, 0, 0, 0, 0, 0, 0, 0, 0, 0, 0, 0, 0, 0, 0, 0, 0, 0, 0, 0, 0, 0, 0, 0, 0, 0, 0, 0, 0, 0, 0, 0, 0, 0, 0, 0, 0, 0, 0, 0, 0, 0, 0, 0, 0, 0, 0, 0, 0, 0, 0, 0, 0, 0, 0, 0, 0, 0, 0, 0, 0, 2, 3, 4, 0, 0, 0, 0, 2, 3, 4, 0, 0, 0, 0, 0, 0, 0, 0, 0, 0, 0, 0, 0, 0, 0, 0, 0, 0, 0, 0, 20, 21, 22, 0, 0, 0, 0, 20, 21, 22, 0, 0, 0, 0, 0, 0, 0, 0, 0, 0, 0, 0, 0, 0, 0, 0, 0, 0, 0, 0, 0, 0, 0, 0, 0, 0, 0, 0, 0, 0, 0, 0, 0, 0, 0, 0, 0, 0, 0, 0, 0, 0, 0, 0, 0, 0, 0, 0, 0, 0, 2, 3, 4, 0, 0, 0, 0, 2, 3, 4, 0, 0, 0, 0, 0, 0, 0, 0, 0, 0, 0, 0, 0, 0, 0, 0, 0, 0, 0, 0, 20, 21, 22, 0, 0, 0, 0, 20, 21, 22, 0, 0, 0, 0, 0, 0, 0, 0, 0, 0, 0, 0, 0, 0, 0, 0, 0, 0, 0, 0, 0, 0, 0, 0, 0, 0, 0, 0, 0, 0, 0, 0, 0, 0, 0, 0, 0, 0, 0, 0, 0, 0, 0, 0, 0, 0, 0, 0, 0, 0, 2, 3, 4, 0, 0, 0, 0, 2, 3, 4, 0, 0, 0, 0, 0, 0, 0, 0, 0, 0, 0, 0, 0, 0, 0, 0, 0, 0, 0, 0, 20, 21, 22, 0, 0, 0, 0, 20, 21, 22, 0, 0, 0, 0, 0, 0, 0, 0, 0, 0, 0, 0, 0, 0, 0, 0, 0, 0, 0, 0, 0, 0, 0, 0, 0, 0, 0, 0, 0, 0, 0, 0, 0, 0, 0, 0, 0, 0, 0, 0, 0, 0, 0, 0, 0, 0, 0, 0, 0, 0, 2, 3, 4, 0, 0, 0, 0, 2, 3, 4, 0, 0, 0, 0, 0, 0, 0, 0, 0, 0, 0, 0, 0, 0, 0, 0, 0, 0, 0, 0, 20, 21, 22, 0, 0, 0, 0, 20, 21, 22, 0, 0, 0, 0, 0, 0, 0, 0, 0, 0, 0, 0, 0, 0, 0, 0, 0, 0, 0, 0, 0, 0, 0, 0, 0, 0, 0, 0, 0, 0, 0, 0, 0, 0, 0, 0, 0, 0, 0, 0, 0, 0, 0, 0, 0, 0, 0, 0, 0, 0, 0, 0, 0, 0, 0, 0, 0, 0, 0, 0, 0, 0, 0, 0, 0, 0, 0, 0, 0, 0, 0, 0, 0, 0, 0, 0, 0, 0, 0, 0, 0, 0, 0, 0, 0, 0, 0, 0, 0, 0, 0, 0, 0, 0, 0, 0, 0, 0, 0, 0, 0, 0, 0, 0, 0, 0, 0, 0], objects=[], opacity=0.0, draworder=), Layer(width=0, height=0, name=Object Layer 1, type=objectgroup, visible=false, x=0, y=0, data=[], objects=[com.almasb.fxgl.entity.level.tiled.TiledObject@74098870, com.almasb.fxgl.entity.level.tiled.TiledObject@7b42d991, com.almasb.fxgl.entity.level.tiled.TiledObject@ff91e52, com.almasb.fxgl.entity.level.tiled.TiledObject@4422e4eb, com.almasb.fxgl.entity.level.tiled.TiledObject@7cd0be17, com.almasb.fxgl.entity.level.tiled.TiledObject@11336e4d, com.almasb.fxgl.entity.level.tiled.TiledObject@56ffe9b7, com.almasb.fxgl.entity.level.tiled.TiledObject@5294a3f], opacity=0.0, draworder=)], tilesets=[Tileset(firstgid=1, image=tiles-spritesheet.png, name=tiles-spritesheet, tilewidth=92, tileheight=90, imagewidth=1734, imageheight=956, margin=0, spacing=2, columns=18, tilecount=180, transparentcolor=, tiles=[])], backgroundcolor=, renderorder=right-down, nextobjectid=11, version=1, tiledversion=1.8.4, type=map, infinite=false, hexsidelength=0, staggeraxis=, staggerindex=, properties={}, propertytypes={})
21:55:22.044 [FXGL Background Thread 1 ] DEBUG TMXLevelLoader       - Creating tile layer entities
21:55:22.045 [FXGL Background Thread 1 ] DEBUG TilesetLoader        - Loading view for layer Tile Layer 1
21:55:22.056 [FXGL Background Thread 1 ] DEBUG TilesetLoader        - Created buffer with size 2760.0x1800.0
21:55:22.123 [FXGL Background Thread 1 ] DEBUG TilesetLoader        - Writing to buffer: dst=184,540, w=92,h=90, src=94,0
21:55:22.124 [FXGL Background Thread 1 ] DEBUG TilesetLoader        - Writing to buffer: dst=276,540, w=92,h=90, src=188,0
21:55:22.124 [FXGL Background Thread 1 ] DEBUG TilesetLoader        - Writing to buffer: dst=368,540, w=92,h=90, src=282,0
21:55:22.124 [FXGL Background Thread 1 ] DEBUG TilesetLoader        - Writing to buffer: dst=828,540, w=92,h=90, src=94,0
21:55:22.124 [FXGL Background Thread 1 ] DEBUG TilesetLoader        - Writing to buffer: dst=920,540, w=92,h=90, src=188,0
21:55:22.124 [FXGL Background Thread 1 ] DEBUG TilesetLoader        - Writing to buffer: dst=1012,540, w=92,h=90, src=282,0
21:55:22.125 [FXGL Background Thread 1 ] DEBUG TilesetLoader        - Writing to buffer: dst=184,630, w=92,h=90, src=94,92
21:55:22.125 [FXGL Background Thread 1 ] DEBUG TilesetLoader        - Writing to buffer: dst=276,630, w=92,h=90, src=188,92
21:55:22.125 [FXGL Background Thread 1 ] DEBUG TilesetLoader        - Writing to buffer: dst=368,630, w=92,h=90, src=282,92
21:55:22.126 [FXGL Background Thread 1 ] DEBUG TilesetLoader        - Writing to buffer: dst=828,630, w=92,h=90, src=94,92
21:55:22.126 [FXGL Background Thread 1 ] DEBUG TilesetLoader        - Writing to buffer: dst=920,630, w=92,h=90, src=188,92
21:55:22.126 [FXGL Background Thread 1 ] DEBUG TilesetLoader        - Writing to buffer: dst=1012,630, w=92,h=90, src=282,92
21:55:22.126 [FXGL Background Thread 1 ] DEBUG TilesetLoader        - Writing to buffer: dst=184,810, w=92,h=90, src=94,0
21:55:22.126 [FXGL Background Thread 1 ] DEBUG TilesetLoader        - Writing to buffer: dst=276,810, w=92,h=90, src=188,0
21:55:22.130 [FXGL Background Thread 1 ] DEBUG TilesetLoader        - Writing to buffer: dst=368,810, w=92,h=90, src=282,0
21:55:22.130 [FXGL Background Thread 1 ] DEBUG TilesetLoader        - Writing to buffer: dst=828,810, w=92,h=90, src=94,0
21:55:22.131 [FXGL Background Thread 1 ] DEBUG TilesetLoader        - Writing to buffer: dst=920,810, w=92,h=90, src=188,0
21:55:22.131 [FXGL Background Thread 1 ] DEBUG TilesetLoader        - Writing to buffer: dst=1012,810, w=92,h=90, src=282,0
21:55:22.131 [FXGL Background Thread 1 ] DEBUG TilesetLoader        - Writing to buffer: dst=184,900, w=92,h=90, src=94,92
21:55:22.131 [FXGL Background Thread 1 ] DEBUG TilesetLoader        - Writing to buffer: dst=276,900, w=92,h=90, src=188,92
21:55:22.131 [FXGL Background Thread 1 ] DEBUG TilesetLoader        - Writing to buffer: dst=368,900, w=92,h=90, src=282,92
21:55:22.131 [FXGL Background Thread 1 ] DEBUG TilesetLoader        - Writing to buffer: dst=828,900, w=92,h=90, src=94,92
21:55:22.131 [FXGL Background Thread 1 ] DEBUG TilesetLoader        - Writing to buffer: dst=920,900, w=92,h=90, src=188,92
21:55:22.131 [FXGL Background Thread 1 ] DEBUG TilesetLoader        - Writing to buffer: dst=1012,900, w=92,h=90, src=282,92
21:55:22.133 [FXGL Background Thread 1 ] DEBUG TilesetLoader        - Writing to buffer: dst=184,1080, w=92,h=90, src=94,0
21:55:22.133 [FXGL Background Thread 1 ] DEBUG TilesetLoader        - Writing to buffer: dst=276,1080, w=92,h=90, src=188,0
21:55:22.133 [FXGL Background Thread 1 ] DEBUG TilesetLoader        - Writing to buffer: dst=368,1080, w=92,h=90, src=282,0
21:55:22.134 [FXGL Background Thread 1 ] DEBUG TilesetLoader        - Writing to buffer: dst=828,1080, w=92,h=90, src=94,0
21:55:22.134 [FXGL Background Thread 1 ] DEBUG TilesetLoader        - Writing to buffer: dst=920,1080, w=92,h=90, src=188,0
21:55:22.134 [FXGL Background Thread 1 ] DEBUG TilesetLoader        - Writing to buffer: dst=1012,1080, w=92,h=90, src=282,0
21:55:22.134 [FXGL Background Thread 1 ] DEBUG TilesetLoader        - Writing to buffer: dst=184,1170, w=92,h=90, src=94,92
21:55:22.134 [FXGL Background Thread 1 ] DEBUG TilesetLoader        - Writing to buffer: dst=276,1170, w=92,h=90, src=188,92
21:55:22.135 [FXGL Background Thread 1 ] DEBUG TilesetLoader        - Writing to buffer: dst=368,1170, w=92,h=90, src=282,92
21:55:22.135 [FXGL Background Thread 1 ] DEBUG TilesetLoader        - Writing to buffer: dst=828,1170, w=92,h=90, src=94,92
21:55:22.135 [FXGL Background Thread 1 ] DEBUG TilesetLoader        - Writing to buffer: dst=920,1170, w=92,h=90, src=188,92
21:55:22.135 [FXGL Background Thread 1 ] DEBUG TilesetLoader        - Writing to buffer: dst=1012,1170, w=92,h=90, src=282,92
21:55:22.135 [FXGL Background Thread 1 ] DEBUG TilesetLoader        - Writing to buffer: dst=184,1350, w=92,h=90, src=94,0
21:55:22.135 [FXGL Background Thread 1 ] DEBUG TilesetLoader        - Writing to buffer: dst=276,1350, w=92,h=90, src=188,0
21:55:22.135 [FXGL Background Thread 1 ] DEBUG TilesetLoader        - Writing to buffer: dst=368,1350, w=92,h=90, src=282,0
21:55:22.136 [FXGL Background Thread 1 ] DEBUG TilesetLoader        - Writing to buffer: dst=828,1350, w=92,h=90, src=94,0
21:55:22.136 [FXGL Background Thread 1 ] DEBUG TilesetLoader        - Writing to buffer: dst=920,1350, w=92,h=90, src=188,0
21:55:22.136 [FXGL Background Thread 1 ] DEBUG TilesetLoader        - Writing to buffer: dst=1012,1350, w=92,h=90, src=282,0
21:55:22.136 [FXGL Background Thread 1 ] DEBUG TilesetLoader        - Writing to buffer: dst=184,1440, w=92,h=90, src=94,92
21:55:22.136 [FXGL Background Thread 1 ] DEBUG TilesetLoader        - Writing to buffer: dst=276,1440, w=92,h=90, src=188,92
21:55:22.136 [FXGL Background Thread 1 ] DEBUG TilesetLoader        - Writing to buffer: dst=368,1440, w=92,h=90, src=282,92
21:55:22.136 [FXGL Background Thread 1 ] DEBUG TilesetLoader        - Writing to buffer: dst=828,1440, w=92,h=90, src=94,92
21:55:22.139 [FXGL Background Thread 1 ] DEBUG TilesetLoader        - Writing to buffer: dst=920,1440, w=92,h=90, src=188,92
21:55:22.142 [FXGL Background Thread 1 ] DEBUG TilesetLoader        - Writing to buffer: dst=1012,1440, w=92,h=90, src=282,92
21:55:22.143 [FXGL Background Thread 1 ] DEBUG TMXLevelLoader       - Creating object layer entities
21:55:22.155 [FXGL Background Thread 1 ] DEBUG GameWorld            - Clearing removable entities
21:55:22.155 [FXGL Background Thread 1 ] DEBUG GameWorld            - Setting level: com.almasb.fxgl.entity.level.Level@38f3edca
21:55:22.159 [FXGL Background Thread 1 ] DEBUG FXGLAssetLoaderServi - Loading from file system: file:/C:/Users/Dino/OneDrive%20-%20Hogeschool%20Leiden/test/target/classes/assets/textures/grassfield.png
21:55:22.181 [FXGL Background Thread 1 ] DEBUG FXGLAssetLoaderServi - Loading from file system: file:/C:/Users/Dino/OneDrive%20-%20Hogeschool%20Leiden/test/target/classes/assets/textures/monster.png
21:55:22.184 [FXGL Background Thread 1 ] INFO  FXGLApplication      - Game initialization took: 0,184 sec
21:55:22.185 [JavaFX Application Thread] DEBUG Input                - Clearing active input actions
21:55:22.191 [JavaFX Application Thread] DEBUG GameApplicationServi - Removing overlay from FXGLLoadingScene and adding to GameScene
21:55:22.191 [JavaFX Application Thread] DEBUG PrimaryStageWindow   - FXGLLoadingScene -> GameScene
21:55:22.201 [FXGL Background Thread 4 ] DEBUG FXGLAssetLoaderServi - Loading from file system: jar:file:/C:/Users/Dino/.m2/repository/com/github/almasb/fxgl/11.14/fxgl-11.14.jar!/fxglassets/ui/fonts/Abel-Regular.ttf
21:55:22.205 [FXGL Background Thread 4 ] DEBUG FXGLAssetLoaderServi - Loading from file system: jar:file:/C:/Users/Dino/.m2/repository/com/github/almasb/fxgl/11.14/fxgl-11.14.jar!/fxglassets/ui/fonts/lucida_console.ttf
21:55:22.214 [FXGL Background Thread 4 ] DEBUG FXGLAssetLoaderServi - Loading from file system: jar:file:/C:/Users/Dino/.m2/repository/com/github/almasb/fxgl/11.14/fxgl-11.14.jar!/fxglassets/ui/fonts/Courier-Prime.ttf
21:55:22.225 [JavaFX Application Thread] DEBUG FXGLApplication      - Registering font factories with UI factory
21:55:22.373 [FXGL Background Thread 2 ] INFO  UpdaterService       - Your current version:  11.14
21:55:22.373 [FXGL Background Thread 2 ] INFO  UpdaterService       - Latest stable version: 17.1
21:55:23.784 [JavaFX Application Thread] DEBUG FXGLApplication      - Exiting FXGL
21:55:23.784 [JavaFX Application Thread] DEBUG LoopRunner           - Stopping loop
21:55:23.784 [JavaFX Application Thread] DEBUG SystemBundleService  - Saving FXGL system data
21:55:23.786 [JavaFX Application Thread] DEBUG FileSystemAccess     - Writing to: C:\Users\Dino\OneDrive - Hogeschool Leiden\test\system\fxgl.bundle
21:55:23.787 [JavaFX Application Thread] DEBUG Async                - Shutting down background threads
21:55:23.787 [JavaFX Application Thread] DEBUG PrimaryStageWindow   - Closing main window
21:55:23.798 [JavaFX Application Thread] DEBUG Logger               - Closing Logger
